-------------------------------------------------------------------------------
Test set: TestSuite
-------------------------------------------------------------------------------
Tests run: 4, Failures: 1, Errors: 0, Skipped: 0, Time elapsed: 112.948 s <<< FAILURE! - in TestSuite
TC004_ToValidateBankInformationPage(com.crm.qa.testcases.LoanApplyTestCases)  Time elapsed: 0.01 s  <<< FAILURE!
java.lang.NullPointerException: Cannot invoke "com.crm.qa.pages.BankInformationPage.isCONNECTYOURBANKACCOUNTNOWDisplayed()" because "this.bankInformationPage" is null
	at com.crm.qa.testcases.LoanApplyTestCases.TC004_ToValidateBankInformationPage(LoanApplyTestCases.java:74)

