<?xml version="1.0" encoding="UTF-8"?>
<testng-results ignored="0" total="5" passed="5" failed="0" skipped="0">
  <reporter-output>
  </reporter-output>
  <suite started-at="2022-11-11T18:30:58 IST" name="RegressionSuite" finished-at="2022-11-11T18:32:41 IST" duration-ms="103036">
    <groups>
    </groups>
    <test started-at="2022-11-11T18:30:58 IST" name="Testing" finished-at="2022-11-11T18:32:41 IST" duration-ms="103036">
      <class name="testcases.LoanApplyTestCases">
        <test-method is-config="true" signature="setUp()[pri:0, instance:testcases.LoanApplyTestCases@41fbdac4]" started-at="2022-11-11T18:30:52 IST" name="setUp" finished-at="2022-11-11T18:30:58 IST" duration-ms="5517" status="PASS">
          <reporter-output>
          </reporter-output>
        </test-method> <!-- setUp -->
        <test-method signature="TC001_ClickOnApplyBttn()[pri:0, instance:testcases.LoanApplyTestCases@41fbdac4]" started-at="2022-11-11T18:30:58 IST" name="TC001_ClickOnApplyBttn" finished-at="2022-11-11T18:31:01 IST" duration-ms="3112" status="PASS">
          <reporter-output>
          </reporter-output>
        </test-method> <!-- TC001_ClickOnApplyBttn -->
        <test-method signature="TC002_FillCustomerDetails()[pri:0, instance:testcases.LoanApplyTestCases@41fbdac4]" started-at="2022-11-11T18:31:01 IST" name="TC002_FillCustomerDetails" finished-at="2022-11-11T18:31:35 IST" duration-ms="33530" status="PASS">
          <reporter-output>
          </reporter-output>
        </test-method> <!-- TC002_FillCustomerDetails -->
        <test-method signature="TC003_ToValidateSelectOfferIsOpen()[pri:0, instance:testcases.LoanApplyTestCases@41fbdac4]" started-at="2022-11-11T18:31:35 IST" name="TC003_ToValidateSelectOfferIsOpen" finished-at="2022-11-11T18:32:33 IST" duration-ms="58557" status="PASS">
          <reporter-output>
          </reporter-output>
        </test-method> <!-- TC003_ToValidateSelectOfferIsOpen -->
        <test-method signature="TC004_ToValidateBankInformationPage()[pri:0, instance:testcases.LoanApplyTestCases@41fbdac4]" started-at="2022-11-11T18:32:33 IST" name="TC004_ToValidateBankInformationPage" finished-at="2022-11-11T18:32:34 IST" duration-ms="305" status="PASS">
          <reporter-output>
          </reporter-output>
        </test-method> <!-- TC004_ToValidateBankInformationPage -->
        <test-method signature="TC005_ToValidateConnectPage()[pri:0, instance:testcases.LoanApplyTestCases@41fbdac4]" started-at="2022-11-11T18:32:34 IST" name="TC005_ToValidateConnectPage" finished-at="2022-11-11T18:32:41 IST" duration-ms="7500" status="PASS">
          <reporter-output>
          </reporter-output>
        </test-method> <!-- TC005_ToValidateConnectPage -->
        <test-method is-config="true" signature="tearDown()[pri:0, instance:testcases.LoanApplyTestCases@41fbdac4]" started-at="2022-11-11T18:32:41 IST" name="tearDown" finished-at="2022-11-11T18:32:41 IST" duration-ms="0" status="PASS">
          <reporter-output>
          </reporter-output>
        </test-method> <!-- tearDown -->
      </class> <!-- testcases.LoanApplyTestCases -->
    </test> <!-- Testing -->
  </suite> <!-- RegressionSuite -->
</testng-results>
