<?xml version="1.0" encoding="UTF-8"?>
<!-- Generated by org.testng.reporters.JUnitXMLReporter -->
<testsuite ignored="0" hostname="Trantor-LP452" failures="0" tests="4" name="Testing" time="111.673" errors="0" timestamp="2022-11-07T15:02:00 IST">
  <testcase classname="com.crm.qa.testcases.LoanApplyTestCases" name="TC001_ClickOnApplyBttn" time="4.245"/>
  <testcase classname="com.crm.qa.testcases.LoanApplyTestCases" name="TC002_FillCustomerDetails" time="38.481"/>
  <testcase classname="com.crm.qa.testcases.LoanApplyTestCases" name="TC003_ToValidateSelectOfferIsOpen" time="68.735"/>
  <testcase classname="com.crm.qa.testcases.LoanApplyTestCases" name="TC004_ToValidateBankInformationPage" time="0.179"/>
</testsuite> <!-- Testing -->
